2020-08-19 13:25:13 [main] INFO  StartServer:117 - Servidor parado pelo usuá	rio !!!
2020-08-19 13:26:06 [main] INFO  StartServer:117 - Servidor parado pelo usuário !!!
2020-08-19 13:37:06 [main] INFO  StartServer:117 - Servidor parado pelo usuário !!!
2020-08-19 14:13:23 [Thread-1] INFO  ServerCommandImpl:26 - Conectando no servidor na porta 20222
2020-08-19 14:13:23 [Thread-1] INFO  ServerCommandImpl:34 - Servidor conectado na porta 20222
2020-08-19 14:13:23 [Thread-1] INFO  ServerCommandImpl:43 - Carregando a lista de filmes ...
2020-08-19 14:13:26 [Thread-1] INFO  ServerCommandImpl:47 - Total de filmes carregados = 250
2020-08-19 14:13:26 [Thread-1] INFO  ServerCommandImpl:49 - 
2020-08-19 14:13:26 [Thread-1] INFO  ServerCommandImpl:50 - Esperando requisição do cliente ...
2020-08-19 14:13:26 [Thread-1] INFO  ServerCommandImpl:51 - 
2020-08-19 14:13:26 [main] INFO  StartServer:81 - 
2020-08-19 14:13:26 [main] INFO  StartServer:83 - 
2020-08-19 14:13:32 [main] INFO  StartClient:203 - 
2020-08-19 14:13:32 [main] INFO  StartClient:204 - Digite o título do filme para pesquisa no IMDB (exit encerra o cliente): 
2020-08-19 14:13:36 [main] INFO  StartClient:186 - Conectando com o servidor...

2020-08-19 14:13:36 [main] INFO  StartClient:170 - 
2020-08-19 14:13:36 [main] INFO  StartClient:171 - Resposta:
2020-08-19 14:13:36 [main] INFO  StartClient:172 - 12 Anos de Escravidão
12 Homens e uma Sentença

2020-08-19 14:13:36 [main] INFO  StartClient:173 - Conexão com o servidor fechada !
2020-08-19 14:13:36 [main] INFO  StartClient:174 - ******************************************************
2020-08-19 14:13:36 [main] INFO  StartClient:203 - 
2020-08-19 14:13:36 [main] INFO  StartClient:204 - Digite o título do filme para pesquisa no IMDB (exit encerra o cliente): 
2020-08-19 14:13:43 [main] INFO  StartClient:186 - Conectando com o servidor...

2020-08-19 14:13:43 [main] INFO  StartClient:170 - 
2020-08-19 14:13:43 [main] INFO  StartClient:171 - Resposta:
2020-08-19 14:13:43 [main] INFO  StartClient:172 - Batman Begins
Batman: O Cavaleiro das Trevas
Batman: O Cavaleiro das Trevas Ressurge

2020-08-19 14:13:43 [main] INFO  StartClient:173 - Conexão com o servidor fechada !
2020-08-19 14:13:43 [main] INFO  StartClient:174 - ******************************************************
2020-08-19 14:13:43 [main] INFO  StartClient:203 - 
2020-08-19 14:13:43 [main] INFO  StartClient:204 - Digite o título do filme para pesquisa no IMDB (exit encerra o cliente): 
2020-08-19 14:13:47 [main] INFO  StartClient:186 - Conectando com o servidor...

2020-08-19 14:13:47 [main] INFO  StartClient:170 - 
2020-08-19 14:13:47 [main] INFO  StartClient:171 - Resposta:
2020-08-19 14:13:47 [main] INFO  StartClient:172 - 3 Idiotas

2020-08-19 14:13:47 [main] INFO  StartClient:173 - Conexão com o servidor fechada !
2020-08-19 14:13:47 [main] INFO  StartClient:174 - ******************************************************
2020-08-19 14:13:47 [main] INFO  StartClient:203 - 
2020-08-19 14:13:47 [main] INFO  StartClient:204 - Digite o título do filme para pesquisa no IMDB (exit encerra o cliente): 
2020-08-19 14:13:52 [main] INFO  StartClient:180 - 
2020-08-19 14:13:52 [main] INFO  StartClient:181 - Cliente finalizado pelo usuário !!!
2020-08-19 14:13:57 [main] INFO  StartServer:117 - 
2020-08-19 14:13:57 [main] INFO  StartServer:118 - Servidor parado pelo usuário !!!
2020-08-19 14:13:57 [Thread-1] INFO  ServerCommandImpl:59 - 
2020-08-19 14:15:50 [main] INFO  TCPPortUtility:38 - A porta não pode ser nula !
2020-08-19 14:15:50 [main] INFO  AddressNetworkValidator:48 - O IP 678.168.0.14 não é válido !
2020-08-19 14:15:50 [main] INFO  IMDbCommunicationProtocolImpl:66 - O protocolo de comunicação em Um sonho está inválido
2020-08-19 14:15:50 [Thread-2] INFO  ServerCommandImpl:26 - Conectando no servidor na porta 20222
2020-08-19 14:15:50 [Thread-2] ERROR IMDbServerSocketImpl:57 - Problema ao conectar na porta 20222: Address already in use: JVM_Bind
2020-08-19 14:15:50 [Thread-2] ERROR IMDbServerSocketImpl:59 - Tentando outra porta ...
2020-08-19 14:15:50 [Thread-2] INFO  ServerCommandImpl:37 - ****************************************
2020-08-19 14:15:50 [Thread-2] INFO  ServerCommandImpl:38 - Porta 20222 está ocupada !
2020-08-19 14:15:50 [Thread-2] INFO  ServerCommandImpl:39 - Servidor conectado na porta 8905
2020-08-19 14:15:50 [Thread-2] INFO  ServerCommandImpl:40 - ****************************************
2020-08-19 14:15:50 [Thread-2] INFO  ServerCommandImpl:43 - Carregando a lista de filmes ...
2020-08-19 14:15:52 [Thread-2] INFO  ServerCommandImpl:47 - Total de filmes carregados = 250
2020-08-19 14:15:52 [Thread-2] INFO  ServerCommandImpl:49 - 
2020-08-19 14:15:52 [Thread-2] INFO  ServerCommandImpl:50 - Esperando requisição do cliente ...
2020-08-19 14:15:52 [Thread-2] INFO  ServerCommandImpl:51 - 
2020-08-19 14:17:25 [main] INFO  TCPPortUtility:38 - A porta não pode ser nula !
2020-08-19 14:17:25 [main] INFO  AddressNetworkValidator:48 - O IP 678.168.0.14 não é válido !
2020-08-19 14:17:25 [main] INFO  IMDbCommunicationProtocolImpl:66 - O protocolo de comunicação em 12 está inválido
2020-08-19 14:17:25 [Thread-2] INFO  ServerCommandImpl:26 - Conectando no servidor na porta 20222
2020-08-19 14:17:25 [Thread-2] ERROR IMDbServerSocketImpl:57 - Problema ao conectar na porta 20222: Address already in use: JVM_Bind
2020-08-19 14:17:25 [Thread-2] ERROR IMDbServerSocketImpl:59 - Tentando outra porta ...
2020-08-19 14:17:25 [Thread-2] INFO  ServerCommandImpl:37 - ****************************************
2020-08-19 14:17:25 [Thread-2] INFO  ServerCommandImpl:38 - Porta 20222 está ocupada !
2020-08-19 14:17:25 [Thread-2] INFO  ServerCommandImpl:39 - Servidor conectado na porta 39164
2020-08-19 14:17:25 [Thread-2] INFO  ServerCommandImpl:40 - ****************************************
2020-08-19 14:17:25 [Thread-2] INFO  ServerCommandImpl:43 - Carregando a lista de filmes ...
2020-08-19 14:17:27 [Thread-2] INFO  ServerCommandImpl:47 - Total de filmes carregados = 250
2020-08-19 14:17:27 [Thread-2] INFO  ServerCommandImpl:49 - 
2020-08-19 14:17:27 [Thread-2] INFO  ServerCommandImpl:50 - Esperando requisição do cliente ...
2020-08-19 14:17:27 [Thread-2] INFO  ServerCommandImpl:51 - 
2020-08-19 15:10:50 [Thread-1] INFO  ServerCommandImpl:26 - Conectando no servidor na porta 20222
2020-08-19 15:10:50 [Thread-1] INFO  ServerCommandImpl:34 - Servidor conectado na porta 20222
2020-08-19 15:10:50 [Thread-1] INFO  ServerCommandImpl:43 - Carregando a lista de filmes ...
2020-08-19 15:10:52 [Thread-1] INFO  ServerCommandImpl:47 - Total de filmes carregados = 250
2020-08-19 15:10:52 [Thread-1] INFO  ServerCommandImpl:49 - 
2020-08-19 15:10:52 [Thread-1] INFO  ServerCommandImpl:50 - Esperando requisição do cliente ...
2020-08-19 15:10:52 [Thread-1] INFO  ServerCommandImpl:51 - 
2020-08-19 15:10:53 [main] INFO  StartServer:88 - 
2020-08-19 15:10:53 [main] INFO  StartServer:90 - 
2020-08-19 15:10:54 [Thread-1] INFO  ServerCommandImpl:59 - 
2020-08-19 15:10:54 [main] INFO  StartServer:124 - 
2020-08-19 15:10:54 [main] INFO  StartServer:125 - Servidor parado pelo usuário !!!
